[debug] [2023-11-16T14:00:21.141Z] ----------------------------------------------------------------------
[debug] [2023-11-16T14:00:21.143Z] Command:       C:\Program Files\nodejs\node.exe C:\Users\User\AppData\Roaming\npm\node_modules\firebase-tools\lib\bin\firebase.js login
[debug] [2023-11-16T14:00:21.144Z] CLI Version:   12.9.1
[debug] [2023-11-16T14:00:21.144Z] Platform:      win32
[debug] [2023-11-16T14:00:21.144Z] Node Version:  v18.16.1
[debug] [2023-11-16T14:00:21.145Z] Time:          Thu Nov 16 2023 19:30:21 GMT+0530 (India Standard Time)
[debug] [2023-11-16T14:00:21.146Z] ----------------------------------------------------------------------
[debug] 
[debug] [2023-11-16T14:00:21.149Z] >>> [apiv2][query] GET https://firebase-public.firebaseio.com/cli.json [none]
[info] Already logged in as adarshjhaxif@gmail.com
[debug] [2023-11-16T14:00:22.256Z] <<< [apiv2][status] GET https://firebase-public.firebaseio.com/cli.json 200
[debug] [2023-11-16T14:00:22.256Z] <<< [apiv2][body] GET https://firebase-public.firebaseio.com/cli.json {"cloudBuildErrorAfter":1594252800000,"cloudBuildWarnAfter":1590019200000,"defaultNode10After":1594252800000,"minVersion":"3.0.5","node8DeploysDisabledAfter":1613390400000,"node8RuntimeDisabledAfter":1615809600000,"node8WarnAfter":1600128000000}
[debug] [2023-11-16T14:00:36.817Z] ----------------------------------------------------------------------
[debug] [2023-11-16T14:00:36.818Z] Command:       C:\Program Files\nodejs\node.exe C:\Users\User\AppData\Roaming\npm\node_modules\firebase-tools\lib\bin\firebase.js init
[debug] [2023-11-16T14:00:36.819Z] CLI Version:   12.9.1
[debug] [2023-11-16T14:00:36.819Z] Platform:      win32
[debug] [2023-11-16T14:00:36.819Z] Node Version:  v18.16.1
[debug] [2023-11-16T14:00:36.820Z] Time:          Thu Nov 16 2023 19:30:36 GMT+0530 (India Standard Time)
[debug] [2023-11-16T14:00:36.820Z] ----------------------------------------------------------------------
[debug] 
[debug] [2023-11-16T14:00:36.829Z] > command requires scopes: ["email","openid","https://www.googleapis.com/auth/cloudplatformprojects.readonly","https://www.googleapis.com/auth/firebase","https://www.googleapis.com/auth/cloud-platform"]
[debug] [2023-11-16T14:00:36.830Z] > authorizing via signed-in user (adarshjhaxif@gmail.com)
[info] 
     ######## #### ########  ######## ########     ###     ######  ########
     ##        ##  ##     ## ##       ##     ##  ##   ##  ##       ##
     ######    ##  ########  ######   ########  #########  ######  ######
     ##        ##  ##    ##  ##       ##     ## ##     ##       ## ##
     ##       #### ##     ## ######## ########  ##     ##  ######  ########

You're about to initialize a Firebase project in this directory:

  C:\Users\User\Desktop\ULTIMATE_WEB_DEV\Clones\youtube-disney-clone

[info] 
=== Project Setup
[info] 
[info] First, let's associate this project directory with a Firebase project.
[info] You can create multiple project aliases by running firebase use --add, 
[info] but for now we'll just set up a default project.
[info] 
[debug] [2023-11-16T14:02:21.323Z] > refreshing access token with scopes: []
[debug] [2023-11-16T14:02:21.326Z] >>> [apiv2][query] POST https://www.googleapis.com/oauth2/v3/token [none]
[debug] [2023-11-16T14:02:21.326Z] >>> [apiv2][body] POST https://www.googleapis.com/oauth2/v3/token [omitted]
[debug] [2023-11-16T14:02:21.977Z] <<< [apiv2][status] POST https://www.googleapis.com/oauth2/v3/token 200
[debug] [2023-11-16T14:02:21.977Z] <<< [apiv2][body] POST https://www.googleapis.com/oauth2/v3/token [omitted]
[debug] [2023-11-16T14:02:21.992Z] >>> [apiv2][query] GET https://firebase.googleapis.com/v1beta1/projects pageSize=100
[debug] [2023-11-16T14:02:23.395Z] <<< [apiv2][status] GET https://firebase.googleapis.com/v1beta1/projects 200
[debug] [2023-11-16T14:02:23.395Z] <<< [apiv2][body] GET https://firebase.googleapis.com/v1beta1/projects [omitted]
[info] i  Using project disneyplus-clone-dff30 (disneyplus-clone) 
[info] 
=== Hosting Setup
[debug] [2023-11-16T14:02:27.467Z] >>> [apiv2][query] GET https://firebase.googleapis.com/v1beta1/projects/disneyplus-clone-dff30 [none]
[debug] [2023-11-16T14:02:28.310Z] <<< [apiv2][status] GET https://firebase.googleapis.com/v1beta1/projects/disneyplus-clone-dff30 200
[debug] [2023-11-16T14:02:28.310Z] <<< [apiv2][body] GET https://firebase.googleapis.com/v1beta1/projects/disneyplus-clone-dff30 {"projectId":"disneyplus-clone-dff30","projectNumber":"618098119785","displayName":"disneyplus-clone","name":"projects/disneyplus-clone-dff30","resources":{"hostingSite":"disneyplus-clone-dff30"},"state":"ACTIVE","etag":"1_19e29f1e-b438-42f2-b64a-d75ad695756a"}
[info] 
[info] Your public directory is the folder (relative to your project directory) that
[info] will contain Hosting assets to be uploaded with firebase deploy. If you
[info] have a build process for your assets, use your build's output directory.
[info] 
[debug] [2023-11-16T14:03:22.066Z] ----------------------------------------------------------------------
[debug] [2023-11-16T14:03:22.069Z] Command:       C:\Program Files\nodejs\node.exe C:\Users\User\AppData\Roaming\npm\node_modules\firebase-tools\lib\bin\firebase.js init
[debug] [2023-11-16T14:03:22.069Z] CLI Version:   12.9.1
[debug] [2023-11-16T14:03:22.070Z] Platform:      win32
[debug] [2023-11-16T14:03:22.070Z] Node Version:  v18.16.1
[debug] [2023-11-16T14:03:22.071Z] Time:          Thu Nov 16 2023 19:33:22 GMT+0530 (India Standard Time)
[debug] [2023-11-16T14:03:22.071Z] ----------------------------------------------------------------------
[debug] 
[debug] [2023-11-16T14:03:22.083Z] > command requires scopes: ["email","openid","https://www.googleapis.com/auth/cloudplatformprojects.readonly","https://www.googleapis.com/auth/firebase","https://www.googleapis.com/auth/cloud-platform"]
[debug] [2023-11-16T14:03:22.083Z] > authorizing via signed-in user (adarshjhaxif@gmail.com)
[info] 
     ######## #### ########  ######## ########     ###     ######  ########
     ##        ##  ##     ## ##       ##     ##  ##   ##  ##       ##
     ######    ##  ########  ######   ########  #########  ######  ######
     ##        ##  ##    ##  ##       ##     ## ##     ##       ## ##
     ##       #### ##     ## ######## ########  ##     ##  ######  ########

You're about to initialize a Firebase project in this directory:

  C:\Users\User\Desktop\ULTIMATE_WEB_DEV\Clones\youtube-disney-clone

[info] 
=== Project Setup
[info] 
[info] First, let's associate this project directory with a Firebase project.
[info] You can create multiple project aliases by running firebase use --add, 
[info] but for now we'll just set up a default project.
[info] 
[debug] [2023-11-16T14:03:30.853Z] >>> [apiv2][query] GET https://firebase.googleapis.com/v1beta1/projects pageSize=100
[debug] [2023-11-16T14:03:32.419Z] <<< [apiv2][status] GET https://firebase.googleapis.com/v1beta1/projects 200
[debug] [2023-11-16T14:03:32.419Z] <<< [apiv2][body] GET https://firebase.googleapis.com/v1beta1/projects [omitted]
[info] i  Using project disneyplus-clone-dff30 (disneyplus-clone) 
[info] 
=== Hosting Setup
[debug] [2023-11-16T14:03:34.442Z] >>> [apiv2][query] GET https://firebase.googleapis.com/v1beta1/projects/disneyplus-clone-dff30 [none]
[debug] [2023-11-16T14:03:35.793Z] <<< [apiv2][status] GET https://firebase.googleapis.com/v1beta1/projects/disneyplus-clone-dff30 200
[debug] [2023-11-16T14:03:35.794Z] <<< [apiv2][body] GET https://firebase.googleapis.com/v1beta1/projects/disneyplus-clone-dff30 {"projectId":"disneyplus-clone-dff30","projectNumber":"618098119785","displayName":"disneyplus-clone","name":"projects/disneyplus-clone-dff30","resources":{"hostingSite":"disneyplus-clone-dff30"},"state":"ACTIVE","etag":"1_19e29f1e-b438-42f2-b64a-d75ad695756a"}
[info] 
[info] Your public directory is the folder (relative to your project directory) that
[info] will contain Hosting assets to be uploaded with firebase deploy. If you
[info] have a build process for your assets, use your build's output directory.
[info] 
[debug] [2023-11-16T14:03:51.266Z] >>> [apiv2][query] GET https://www.gstatic.com/firebasejs/releases.json [none]
[debug] [2023-11-16T14:03:52.111Z] <<< [apiv2][status] GET https://www.gstatic.com/firebasejs/releases.json 200
[debug] [2023-11-16T14:03:52.112Z] <<< [apiv2][body] GET https://www.gstatic.com/firebasejs/releases.json {"current":{"version":"10.6.0","browserURL":"https://www.gstatic.com/firebasejs/10.6.0/firebase.js","packageURL":"https://www.gstatic.com/firebasejs/10.6.0/firebase.tgz"},"live":{"version":"10.6","browserURL":"https://www.gstatic.com/firebasejs/live/10.6/firebase.js","packageURL":"https://www.gstatic.com/firebasejs/live/10.6/firebase.tgz"},"components":{"analytics":"https://www.gstatic.com/firebasejs/10.6.0/firebase-analytics.js","app":"https://www.gstatic.com/firebasejs/10.6.0/firebase-app.js","app-check":"https://www.gstatic.com/firebasejs/10.6.0/firebase-app-check.js","auth":"https://www.gstatic.com/firebasejs/10.6.0/firebase-auth.js","auth/cordova":"https://www.gstatic.com/firebasejs/10.6.0/firebase-auth/cordova.js","functions":"https://www.gstatic.com/firebasejs/10.6.0/firebase-functions.js","firestore":"https://www.gstatic.com/firebasejs/10.6.0/firebase-firestore.js","firestore/lite":"https://www.gstatic.com/firebasejs/10.6.0/firebase-firestore/lite.js","installations":"https://www.gstatic.com/firebasejs/10.6.0/firebase-installations.js","storage":"https://www.gstatic.com/firebasejs/10.6.0/firebase-storage.js","performance":"https://www.gstatic.com/firebasejs/10.6.0/firebase-performance.js","remote-config":"https://www.gstatic.com/firebasejs/10.6.0/firebase-remote-config.js","messaging":"https://www.gstatic.com/firebasejs/10.6.0/firebase-messaging.js","messaging/sw":"https://www.gstatic.com/firebasejs/10.6.0/firebase-messaging/sw.js","database":"https://www.gstatic.com/firebasejs/10.6.0/firebase-database.js","firestore.memory":"https://www.gstatic.com/firebasejs/10.6.0/firebase-firestore.memory.js"}}
[info] +  Wrote build/index.html 
[info] 
[info] i  Detected a .git folder at C:\Users\User\Desktop\ULTIMATE_WEB_DEV\Clones\youtube-disney-clone 
[info] i  Authorizing with GitHub to upload your service account to a GitHub repository's secrets store. 
[info] 
[info] Visit this URL on this device to log in:
[info] https://github.com/login/oauth/authorize?client_id=89cf50f02ac6aaed3484&state=406745277&redirect_uri=http%3A%2F%2Flocalhost%3A9005&scope=read%3Auser%20repo%20public_repo
[info] 
[info] Waiting for authentication...
[debug] [2023-11-16T14:03:58.188Z] >>> [apiv2][query] POST https://github.com/login/oauth/access_token [none]
[debug] [2023-11-16T14:03:58.188Z] >>> [apiv2][body] POST https://github.com/login/oauth/access_token [stream]
[debug] [2023-11-16T14:03:58.934Z] <<< [apiv2][status] POST https://github.com/login/oauth/access_token 200
[debug] [2023-11-16T14:03:58.934Z] <<< [apiv2][body] POST https://github.com/login/oauth/access_token {"access_token":"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","token_type":"bearer","scope":"read:user,repo"}
[debug] [2023-11-16T14:03:58.951Z] >>> [apiv2][query] GET https://api.github.com/user [none]
[debug] [2023-11-16T14:03:59.651Z] <<< [apiv2][status] GET https://api.github.com/user 200
[debug] [2023-11-16T14:03:59.651Z] <<< [apiv2][body] GET https://api.github.com/user {"login":"adarsh-jha-dev","id":132337675,"node_id":"U_kgDOB-NQCw","avatar_url":"https://avatars.githubusercontent.com/u/132337675?v=4","gravatar_id":"","url":"https://api.github.com/users/adarsh-jha-dev","html_url":"https://github.com/adarsh-jha-dev","followers_url":"https://api.github.com/users/adarsh-jha-dev/followers","following_url":"https://api.github.com/users/adarsh-jha-dev/following{/other_user}","gists_url":"https://api.github.com/users/adarsh-jha-dev/gists{/gist_id}","starred_url":"https://api.github.com/users/adarsh-jha-dev/starred{/owner}{/repo}","subscriptions_url":"https://api.github.com/users/adarsh-jha-dev/subscriptions","organizations_url":"https://api.github.com/users/adarsh-jha-dev/orgs","repos_url":"https://api.github.com/users/adarsh-jha-dev/repos","events_url":"https://api.github.com/users/adarsh-jha-dev/events{/privacy}","received_events_url":"https://api.github.com/users/adarsh-jha-dev/received_events","type":"User","site_admin":false,"name":"Adarsh Jha","company":null,"blog":"","location":"Kolkata, West Bengal","email":null,"hireable":null,"bio":"A keen learner.","twitter_username":null,"public_repos":64,"public_gists":0,"followers":4,"following":3,"created_at":"2023-05-02T07:26:33Z","updated_at":"2023-09-28T06:13:01Z","private_gists":0,"total_private_repos":3,"owned_private_repos":3,"disk_usage":58213,"collaborators":0,"two_factor_authentication":false,"plan":{"name":"free","space":976562499,"collaborators":0,"private_repos":10000}}
[info] 
[info] +  Success! Logged into GitHub as adarsh-jha-dev 
[info] 
[debug] [2023-11-16T14:04:56.633Z] >>> [apiv2][query] GET https://api.github.com/repos/adarsh-jha-dev/disneyplus-clone/actions/secrets/public-key type=owner
[debug] [2023-11-16T14:04:57.611Z] <<< [apiv2][status] GET https://api.github.com/repos/adarsh-jha-dev/disneyplus-clone/actions/secrets/public-key 404
[debug] [2023-11-16T14:04:57.612Z] <<< [apiv2][body] GET https://api.github.com/repos/adarsh-jha-dev/disneyplus-clone/actions/secrets/public-key {"message":"Not Found","documentation_url":"https://docs.github.com/rest/actions/secrets#get-a-repository-public-key"}
[info] 
[info] 
[error] !  The provided authorization cannot be used with this repository. If this repository is in an organization, did you remember to grant access? 
[info] 
[info] i  Action required: Visit this URL to ensure access has been granted to the appropriate organization(s) for the Firebase CLI GitHub OAuth App: 
[info] https://github.com/settings/connections/applications/89cf50f02ac6aaed3484
[info] 
